#
# A fatal error has been detected by the Java Runtime Environment:
#
#  SIGSEGV (0xb) at pc=0x00000001011333a9, pid=23852, tid=17667
#
# JRE version: Java(TM) SE Runtime Environment (7.0_51-b13) (build 1.7.0_51-b13)
# Java VM: Java HotSpot(TM) 64-Bit Server VM (24.51-b03 mixed mode bsd-amd64 compressed oops)
# Problematic frame:
# V  [libjvm.dylib+0x3333a9]  jvmti_IsMethodSynthetic+0xe6
#
# Failed to write core dump. Core dumps have been disabled. To enable core dumping, try "ulimit -c unlimited" before starting Java again
#
# If you would like to submit a bug report, please visit:
#   http://bugreport.sun.com/bugreport/crash.jsp
#

---------------  T H R E A D  ---------------

Current thread (0x00007ffa0a806000):  JavaThread "JDWP Transport Listener: dt_socket" daemon [_thread_in_vm, id=17667, stack(0x0000000108d81000,0x0000000108e81000)]

siginfo:si_signo=SIGSEGV: si_errno=0, si_code=0 (SEGV0), si_addr=0x0000000000000000

Registers:
RAX=0x00000001015705c0, RBX=0x0000000108e80a8b, RCX=0x00000000003f0203, RDX=0x0000000108e80a8b
RSP=0x0000000108e809f0, RBP=0x0000000108e80a40, RSI=0x00007ffa0a806000, RDI=0x00007ffa094093c0
R8 =0x00007ffa0c930b80, R9 =0x00007ffa150b4920, R10=0x0000000089999237, R11=0x00000000c0a4a5f5
R12=0x00007ffa0a806000, R13=0x00007ffa14925c00, R14=0xf000000000000000, R15=0x00007ffa094093c0
RIP=0x00000001011333a9, EFLAGS=0x0000000000010202, ERR=0x0000000000000000
  TRAPNO=0x000000000000000d

Top of Stack: (sp=0x0000000108e809f0)
0x0000000108e809f0:   00007ffa0a806000 0000000000000000
0x0000000108e80a00:   0000000000000000 0000000000000000
0x0000000108e80a10:   00007ffa0a806000 00007ffa0a806000
0x0000000108e80a20:   0000000108e80a8b 0000000108e80a90
0x0000000108e80a30:   00007ffa14925c00 0000000000000006
0x0000000108e80a40:   0000000108e80a60 00000001019261f8
0x0000000108e80a50:   0000000000000001 0000000108e80b08
0x0000000108e80a60:   0000000108e80ad0 000000010190b02b
0x0000000108e80a70:   0000000108e80aa0 00007ffa0c9d0950
0x0000000108e80a80:   0000000700000032 0000000a00e80b08
0x0000000108e80a90:   0000000000000000 0000000000000000
0x0000000108e80aa0:   0000000000000000 0000000108e80c90
0x0000000108e80ab0:   000000010192ddc0 00007ffa0cc07ac0
0x0000000108e80ac0:   0000000108e80b08 0000000101939578
0x0000000108e80ad0:   0000000108e80ae0 000000010190b124
0x0000000108e80ae0:   0000000108e80d00 00000001019146b2
0x0000000108e80af0:   0000f0a700000013 00000000000f0200
0x0000000108e80b00:   00007ffa094ba570 00007ffa0c93723d
0x0000000108e80b10:   00007ffa0000015b 00007ffa0c94b190
0x0000000108e80b20:   00007ffa0000012c 0000000108e80b58
0x0000000108e80b30:   00007ffa0c94b190 0000000000000000
0x0000000108e80b40:   0000f0a70000001c 00007fff00000e80
0x0000000108e80b50:   0000000108e80b58 fa7f000007000000
0x0000000108e80b60:   0600000030934309 00003e74696e693c
0x0000000108e80b70:   0000005629280300 7f00000100000000
0x0000000108e80b80:   00000028889c0cfa 50636c61635f5f16
0x0000000108e80b90:   65746e6543656761 00676e4c74614c72
0x0000000108e80ba0:   6d6f634c28350000 6f6f622f627a6a2f
0x0000000108e80bb0:   7461642f676e696b 4465676150542f61
0x0000000108e80bc0:   76616a4c3b617461 532f676e616c2f61
0x0000000108e80bd0:   56293b676e697274 0a00000000000000
0x0000000108e80be0:   188e5109fa7f0000 7261705f17000000 

Instructions: (pc=0x00000001011333a9)
0x0000000101133389:   49 39 c6 74 e7 4d 85 f6 74 e2 48 8d 05 f6 f8 4c
0x0000000101133399:   00 80 38 00 74 16 48 8d 05 1a d2 43 00 8a 48 08
0x00000001011333a9:   41 8b 7e 08 48 d3 e7 48 03 38 eb 04 49 8b 7e 08
0x00000001011333b9:   48 8b 47 10 48 83 c7 10 ff 90 20 01 00 00 84 c0 

Register to memory mapping:

RAX=0x00000001015705c0: _ZN8Universe11_narrow_oopE+0 in /Library/Java/JavaVirtualMachines/jdk1.7.0_51.jdk/Contents/Home/jre/lib/server/libjvm.dylib at 0x0000000100e00000
RBX=0x0000000108e80a8b is pointing into the stack for thread: 0x00007ffa0a806000
RCX=0x00000000003f0203 is an unknown value
RDX=0x0000000108e80a8b is pointing into the stack for thread: 0x00007ffa0a806000
RSP=0x0000000108e809f0 is pointing into the stack for thread: 0x00007ffa0a806000
RBP=0x0000000108e80a40 is pointing into the stack for thread: 0x00007ffa0a806000
RSI=0x00007ffa0a806000 is a thread
RDI=0x00007ffa094093c0 is an unknown value
R8 =0x00007ffa0c930b80 is an unknown value
R9 =0x00007ffa150b4920 is an unknown value
R10=0x0000000089999237 is an unknown value
R11=0x00000000c0a4a5f5 is an unknown value
R12=0x00007ffa0a806000 is a thread
R13=0x00007ffa14925c00 is an unknown value
R14=0xf000000000000000 is an unknown value
R15=0x00007ffa094093c0 is an unknown value


Stack: [0x0000000108d81000,0x0000000108e81000],  sp=0x0000000108e809f0,  free space=1022k
Native frames: (J=compiled Java code, j=interpreted, Vv=VM code, C=native code)
V  [libjvm.dylib+0x3333a9]  jvmti_IsMethodSynthetic+0xe6
C  [libjdwp.dylib+0x201f8]  isMethodSynthetic+0x63
C  [libjdwp.dylib+0x502b]  methods1+0x10b
C  [libjdwp.dylib+0x5124]  methodsWithGeneric+0xe
C  [libjdwp.dylib+0xe6b2]  debugLoop_run+0x1ce
C  [libjdwp.dylib+0x1f132]  attachThread+0x4d
V  [libjvm.dylib+0x373f9e]  JvmtiAgentThread::call_start_function()+0x38
V  [libjvm.dylib+0x4efb57]  JavaThread::thread_main_inner()+0x9b
V  [libjvm.dylib+0x4f125f]  JavaThread::run()+0x1a3
V  [libjvm.dylib+0x41b1d6]  java_start(Thread*)+0x126
C  [libsystem_pthread.dylib+0x1899]  _pthread_body+0x8a
C  [libsystem_pthread.dylib+0x172a]  _pthread_struct_init+0x0
C  [libsystem_pthread.dylib+0x5fc9]  thread_start+0xd


---------------  P R O C E S S  ---------------

Java Threads: ( => current thread )
  0x00007ffa0a50e000 JavaThread "ParserThread-5" [_thread_blocked, id=37379, stack(0x000000010e556000,0x000000010e656000)]
  0x00007ffa0a50d000 JavaThread "ParserThread-4" [_thread_blocked, id=36867, stack(0x000000010e453000,0x000000010e553000)]
  0x00007ffa0a236000 JavaThread "ParserThread-3" [_thread_blocked, id=36355, stack(0x000000010e350000,0x000000010e450000)]
  0x00007ffa0a28b000 JavaThread "ParserThread-2" [_thread_blocked, id=34599, stack(0x000000010e24d000,0x000000010e34d000)]
  0x00007ffa0a50b800 JavaThread "ParserThread-1" [_thread_blocked, id=35855, stack(0x000000010db62000,0x000000010dc62000)]
  0x00007ffa0a0df000 JavaThread "flushTimer" daemon [_thread_blocked, id=21251, stack(0x0000000109ac8000,0x0000000109bc8000)]
  0x00007ffa0a812000 JavaThread "Service Thread" daemon [_thread_blocked, id=20227, stack(0x0000000109290000,0x0000000109390000)]
  0x00007ffa0a812800 JavaThread "C2 CompilerThread1" daemon [_thread_blocked, id=19715, stack(0x000000010918d000,0x000000010928d000)]
  0x00007ffa0b055800 JavaThread "C2 CompilerThread0" daemon [_thread_blocked, id=19203, stack(0x000000010908a000,0x000000010918a000)]
  0x00007ffa0a807800 JavaThread "JDWP Command Reader" daemon [_thread_in_native, id=18691, stack(0x0000000108f87000,0x0000000109087000)]
  0x00007ffa0a807000 JavaThread "JDWP Event Helper Thread" daemon [_thread_blocked, id=18179, stack(0x0000000108e84000,0x0000000108f84000)]
=>0x00007ffa0a806000 JavaThread "JDWP Transport Listener: dt_socket" daemon [_thread_in_vm, id=17667, stack(0x0000000108d81000,0x0000000108e81000)]
  0x00007ffa0a00c000 JavaThread "Signal Dispatcher" daemon [_thread_blocked, id=17163, stack(0x0000000108c78000,0x0000000108d78000)]
  0x00007ffa0a00a000 JavaThread "Finalizer" daemon [_thread_blocked, id=14595, stack(0x0000000108b2e000,0x0000000108c2e000)]
  0x00007ffa0b03f800 JavaThread "Reference Handler" daemon [_thread_blocked, id=14083, stack(0x0000000108a2b000,0x0000000108b2b000)]
  0x00007ffa09813000 JavaThread "main" [_thread_in_native, id=1287, stack(0x00007fff5f753000,0x00007fff5f7d3000)]

Other Threads:
  0x00007ffa0b03f000 VMThread [stack: 0x0000000108928000,0x0000000108a28000] [id=13571]
  0x00007ffa0b053800 WatcherThread [stack: 0x0000000109393000,0x0000000109493000] [id=20739]

VM state:not at safepoint (normal execution)

VM Mutex/Monitor currently owned by a thread: None

Heap
 PSYoungGen      total 19456K, used 2994K [0x00000007eaa80000, 0x00000007ecf00000, 0x0000000800000000)
  eden space 16896K, 2% used [0x00000007eaa80000,0x00000007eaaf4988,0x00000007ebb00000)
  from space 2560K, 98% used [0x00000007ebb00000,0x00000007ebd78030,0x00000007ebd80000)
  to   space 10240K, 0% used [0x00000007ec500000,0x00000007ec500000,0x00000007ecf00000)
 ParOldGen       total 43520K, used 16184K [0x00000007c0000000, 0x00000007c2a80000, 0x00000007eaa80000)
  object space 43520K, 37% used [0x00000007c0000000,0x00000007c0fce258,0x00000007c2a80000)
 PSPermGen       total 21504K, used 11978K [0x00000007bae00000, 0x00000007bc300000, 0x00000007c0000000)
  object space 21504K, 55% used [0x00000007bae00000,0x00000007bb9b2bd0,0x00000007bc300000)

Card table byte_map: [0x0000000104a03000,0x0000000104c2d000] byte_map_base: 0x0000000100c2c000

Polling page: 0x00000001005d2000

Code Cache  [0x0000000101943000, 0x0000000101bb3000, 0x0000000104943000)
 total_blobs=638 nmethods=265 adapters=335 free_code_cache=47771Kb largest_free_block=48877568

Compilation events (10 events):
Event: 136,881 Thread 0x00007ffa0a812800 nmethod 268 0x0000000101a7a250 code [0x0000000101a7a3a0, 0x0000000101a7a488]
Event: 136,904 Thread 0x00007ffa0a812800  269             java.lang.String::regionMatches (149 bytes)
Event: 136,922 Thread 0x00007ffa0b055800 nmethod 267 0x0000000101aa2850 code [0x0000000101aa2c40, 0x0000000101aa4698]
Event: 136,922 Thread 0x00007ffa0b055800  270             java.util.regex.Pattern$BmpCharProperty::match (50 bytes)
Event: 136,928 Thread 0x00007ffa0b055800 nmethod 270 0x0000000101a75e50 code [0x0000000101a75fe0, 0x0000000101a76418]
Event: 136,929 Thread 0x00007ffa0b055800  271             java.util.LinkedHashMap::access$100 (5 bytes)
Event: 136,929 Thread 0x00007ffa0b055800 nmethod 271 0x0000000101a75c10 code [0x0000000101a75d40, 0x0000000101a75db8]
Event: 136,931 Thread 0x00007ffa0a812800 nmethod 269 0x0000000101a716d0 code [0x0000000101a71840, 0x0000000101a722b8]
Event: 138,418 Thread 0x00007ffa0b055800  272             java.util.Collections$EmptyList::size (2 bytes)
Event: 138,418 Thread 0x00007ffa0b055800 nmethod 272 0x0000000101a75990 code [0x0000000101a75ac0, 0x0000000101a75b18]

GC Heap History (10 events):
Event: 0,631 GC heap before
{Heap before GC invocations=1 (full 0):
 PSYoungGen      total 19456K, used 16896K [0x00000007eaa80000, 0x00000007ec000000, 0x0000000800000000)
  eden space 16896K, 100% used [0x00000007eaa80000,0x00000007ebb00000,0x00000007ebb00000)
  from space 2560K, 0% used [0x00000007ebd80000,0x00000007ebd80000,0x00000007ec000000)
  to   space 2560K, 0% used [0x00000007ebb00000,0x00000007ebb00000,0x00000007ebd80000)
 ParOldGen       total 43520K, used 0K [0x00000007c0000000, 0x00000007c2a80000, 0x00000007eaa80000)
  object space 43520K, 0% used [0x00000007c0000000,0x00000007c0000000,0x00000007c2a80000)
 PSPermGen       total 21504K, used 5790K [0x00000007bae00000, 0x00000007bc300000, 0x00000007c0000000)
  object space 21504K, 26% used [0x00000007bae00000,0x00000007bb3a7aa0,0x00000007bc300000)
Event: 0,635 GC heap after
Heap after GC invocations=1 (full 0):
 PSYoungGen      total 19456K, used 2553K [0x00000007eaa80000, 0x00000007ec000000, 0x0000000800000000)
  eden space 16896K, 0% used [0x00000007eaa80000,0x00000007eaa80000,0x00000007ebb00000)
  from space 2560K, 99% used [0x00000007ebb00000,0x00000007ebd7e5b8,0x00000007ebd80000)
  to   space 2560K, 0% used [0x00000007ebd80000,0x00000007ebd80000,0x00000007ec000000)
 ParOldGen       total 43520K, used 591K [0x00000007c0000000, 0x00000007c2a80000, 0x00000007eaa80000)
  object space 43520K, 1% used [0x00000007c0000000,0x00000007c0093ee0,0x00000007c2a80000)
 PSPermGen       total 21504K, used 5790K [0x00000007bae00000, 0x00000007bc300000, 0x00000007c0000000)
  object space 21504K, 26% used [0x00000007bae00000,0x00000007bb3a7aa0,0x00000007bc300000)
}
Event: 1,316 GC heap before
{Heap before GC invocations=2 (full 0):
 PSYoungGen      total 19456K, used 19449K [0x00000007eaa80000, 0x00000007ec000000, 0x0000000800000000)
  eden space 16896K, 100% used [0x00000007eaa80000,0x00000007ebb00000,0x00000007ebb00000)
  from space 2560K, 99% used [0x00000007ebb00000,0x00000007ebd7e5b8,0x00000007ebd80000)
  to   space 2560K, 0% used [0x00000007ebd80000,0x00000007ebd80000,0x00000007ec000000)
 ParOldGen       total 43520K, used 591K [0x00000007c0000000, 0x00000007c2a80000, 0x00000007eaa80000)
  object space 43520K, 1% used [0x00000007c0000000,0x00000007c0093ee0,0x00000007c2a80000)
 PSPermGen       total 21504K, used 9671K [0x00000007bae00000, 0x00000007bc300000, 0x00000007c0000000)
  object space 21504K, 44% used [0x00000007bae00000,0x00000007bb771cb0,0x00000007bc300000)
Event: 1,322 GC heap after
Heap after GC invocations=2 (full 0):
 PSYoungGen      total 19456K, used 2528K [0x00000007eaa80000, 0x00000007ec000000, 0x0000000800000000)
  eden space 16896K, 0% used [0x00000007eaa80000,0x00000007eaa80000,0x00000007ebb00000)
  from space 2560K, 98% used [0x00000007ebd80000,0x00000007ebff8040,0x00000007ec000000)
  to   space 2560K, 0% used [0x00000007ebb00000,0x00000007ebb00000,0x00000007ebd80000)
 ParOldGen       total 43520K, used 2204K [0x00000007c0000000, 0x00000007c2a80000, 0x00000007eaa80000)
  object space 43520K, 5% used [0x00000007c0000000,0x00000007c0227370,0x00000007c2a80000)
 PSPermGen       total 21504K, used 9671K [0x00000007bae00000, 0x00000007bc300000, 0x00000007c0000000)
  object space 21504K, 44% used [0x00000007bae00000,0x00000007bb771cb0,0x00000007bc300000)
}
Event: 36,733 GC heap before
{Heap before GC invocations=3 (full 0):
 PSYoungGen      total 19456K, used 18722K [0x00000007eaa80000, 0x00000007ec000000, 0x0000000800000000)
  eden space 16896K, 95% used [0x00000007eaa80000,0x00000007eba50968,0x00000007ebb00000)
  from space 2560K, 98% used [0x00000007ebd80000,0x00000007ebff8040,0x00000007ec000000)
  to   space 2560K, 0% used [0x00000007ebb00000,0x00000007ebb00000,0x00000007ebd80000)
 ParOldGen       total 43520K, used 2204K [0x00000007c0000000, 0x00000007c2a80000, 0x00000007eaa80000)
  object space 43520K, 5% used [0x00000007c0000000,0x00000007c0227370,0x00000007c2a80000)
 PSPermGen       total 21504K, used 10996K [0x00000007bae00000, 0x00000007bc300000, 0x00000007c0000000)
  object space 21504K, 51% used [0x00000007bae00000,0x00000007bb8bd3c8,0x00000007bc300000)
Event: 36,740 GC heap after
Heap after GC invocations=3 (full 0):
 PSYoungGen      total 19456K, used 2528K [0x00000007eaa80000, 0x00000007ec000000, 0x0000000800000000)
  eden space 16896K, 0% used [0x00000007eaa80000,0x00000007eaa80000,0x00000007ebb00000)
  from space 2560K, 98% used [0x00000007ebb00000,0x00000007ebd78020,0x00000007ebd80000)
  to   space 2560K, 0% used [0x00000007ebd80000,0x00000007ebd80000,0x00000007ec000000)
 ParOldGen       total 43520K, used 3882K [0x00000007c0000000, 0x00000007c2a80000, 0x00000007eaa80000)
  object space 43520K, 8% used [0x00000007c0000000,0x00000007c03caaf8,0x00000007c2a80000)
 PSPermGen       total 21504K, used 10996K [0x00000007bae00000, 0x00000007bc300000, 0x00000007c0000000)
  object space 21504K, 51% used [0x00000007bae00000,0x00000007bb8bd3c8,0x00000007bc300000)
}
Event: 37,088 GC heap before
{Heap before GC invocations=4 (full 0):
 PSYoungGen      total 19456K, used 19424K [0x00000007eaa80000, 0x00000007ec000000, 0x0000000800000000)
  eden space 16896K, 100% used [0x00000007eaa80000,0x00000007ebb00000,0x00000007ebb00000)
  from space 2560K, 98% used [0x00000007ebb00000,0x00000007ebd78020,0x00000007ebd80000)
  to   space 2560K, 0% used [0x00000007ebd80000,0x00000007ebd80000,0x00000007ec000000)
 ParOldGen       total 43520K, used 3882K [0x00000007c0000000, 0x00000007c2a80000, 0x00000007eaa80000)
  object space 43520K, 8% used [0x00000007c0000000,0x00000007c03caaf8,0x00000007c2a80000)
 PSPermGen       total 21504K, used 11798K [0x00000007bae00000, 0x00000007bc300000, 0x00000007c0000000)
  object space 21504K, 54% used [0x00000007bae00000,0x00000007bb985900,0x00000007bc300000)
Event: 37,098 GC heap after
Heap after GC invocations=4 (full 0):
 PSYoungGen      total 19456K, used 2544K [0x00000007eaa80000, 0x00000007ed080000, 0x0000000800000000)
  eden space 16896K, 0% used [0x00000007eaa80000,0x00000007eaa80000,0x00000007ebb00000)
  from space 2560K, 99% used [0x00000007ebd80000,0x00000007ebffc020,0x00000007ec000000)
  to   space 2560K, 0% used [0x00000007ebb00000,0x00000007ebb00000,0x00000007ebd80000)
 ParOldGen       total 43520K, used 10597K [0x00000007c0000000, 0x00000007c2a80000, 0x00000007eaa80000)
  object space 43520K, 24% used [0x00000007c0000000,0x00000007c0a59768,0x00000007c2a80000)
 PSPermGen       total 21504K, used 11798K [0x00000007bae00000, 0x00000007bc300000, 0x00000007c0000000)
  object space 21504K, 54% used [0x00000007bae00000,0x00000007bb985900,0x00000007bc300000)
}
Event: 136,911 GC heap before
{Heap before GC invocations=5 (full 0):
 PSYoungGen      total 19456K, used 19440K [0x00000007eaa80000, 0x00000007ed080000, 0x0000000800000000)
  eden space 16896K, 100% used [0x00000007eaa80000,0x00000007ebb00000,0x00000007ebb00000)
  from space 2560K, 99% used [0x00000007ebd80000,0x00000007ebffc020,0x00000007ec000000)
  to   space 2560K, 0% used [0x00000007ebb00000,0x00000007ebb00000,0x00000007ebd80000)
 ParOldGen       total 43520K, used 10597K [0x00000007c0000000, 0x00000007c2a80000, 0x00000007eaa80000)
  object space 43520K, 24% used [0x00000007c0000000,0x00000007c0a59768,0x00000007c2a80000)
 PSPermGen       total 21504K, used 11957K [0x00000007bae00000, 0x00000007bc300000, 0x00000007c0000000)
  object space 21504K, 55% used [0x00000007bae00000,0x00000007bb9ad510,0x00000007bc300000)
Event: 136,922 GC heap after
Heap after GC invocations=5 (full 0):
 PSYoungGen      total 19456K, used 2528K [0x00000007eaa80000, 0x00000007ecf00000, 0x0000000800000000)
  eden space 16896K, 0% used [0x00000007eaa80000,0x00000007eaa80000,0x00000007ebb00000)
  from space 2560K, 98% used [0x00000007ebb00000,0x00000007ebd78030,0x00000007ebd80000)
  to   space 10240K, 0% used [0x00000007ec500000,0x00000007ec500000,0x00000007ecf00000)
 ParOldGen       total 43520K, used 16184K [0x00000007c0000000, 0x00000007c2a80000, 0x00000007eaa80000)
  object space 43520K, 37% used [0x00000007c0000000,0x00000007c0fce258,0x00000007c2a80000)
 PSPermGen       total 21504K, used 11957K [0x00000007bae00000, 0x00000007bc300000, 0x00000007c0000000)
  object space 21504K, 55% used [0x00000007bae00000,0x00000007bb9ad510,0x00000007bc300000)
}

Deoptimization events (10 events):
Event: 36,809 Thread 0x00007ffa0a50e000 Uncommon trap: reason=unreached action=reinterpret pc=0x0000000101a010dc method=java.util.zip.ZipCoder.encoder()Ljava/nio/charset/CharsetEncoder; @ 4
Event: 36,809 Thread 0x00007ffa0a50e000 Uncommon trap: reason=class_check action=maybe_recompile pc=0x00000001019b2608 method=java.util.Properties$LineReader.readLine()I @ 62
Event: 36,810 Thread 0x00007ffa0a50e000 Uncommon trap: reason=class_check action=maybe_recompile pc=0x00000001019b2608 method=java.util.Properties$LineReader.readLine()I @ 62
Event: 37,143 Thread 0x00007ffa0a50e000 Uncommon trap: reason=class_check action=maybe_recompile pc=0x00000001019b8e90 method=java.util.HashMap.put(Ljava/lang/Object;Ljava/lang/Object;)Ljava/lang/Object; @ 105
Event: 37,143 Thread 0x00007ffa0a50e000 Uncommon trap: reason=class_check action=maybe_recompile pc=0x00000001019b8e90 method=java.util.HashMap.put(Ljava/lang/Object;Ljava/lang/Object;)Ljava/lang/Object; @ 105
Event: 37,148 Thread 0x00007ffa0a50e000 Uncommon trap: reason=class_check action=maybe_recompile pc=0x00000001019b8e90 method=java.util.HashMap.put(Ljava/lang/Object;Ljava/lang/Object;)Ljava/lang/Object; @ 105
Event: 37,162 Thread 0x00007ffa0a50e000 Uncommon trap: reason=unloaded action=reinterpret pc=0x0000000101a257bc method=org.jsoup.parser.TokeniserState$1.read(Lorg/jsoup/parser/Tokeniser;Lorg/jsoup/parser/CharacterReader;)V @ 85
Event: 37,198 Thread 0x00007ffa0a50e000 Uncommon trap: reason=class_check action=maybe_recompile pc=0x00000001019b8e90 method=java.util.HashMap.put(Ljava/lang/Object;Ljava/lang/Object;)Ljava/lang/Object; @ 105
Event: 37,214 Thread 0x00007ffa0a50e000 Uncommon trap: reason=unreached action=reinterpret pc=0x00000001019aede0 method=org.jsoup.nodes.Node.nextSibling()Lorg/jsoup/nodes/Node; @ 4
Event: 136,892 Thread 0x00007ffa0a50e000 Uncommon trap: reason=unreached action=reinterpret pc=0x0000000101a20cfc method=org.jsoup.parser.TreeBuilder.runParser()V @ 21

Internal exceptions (10 events):
Event: 37,166 Thread 0x00007ffa0a50e000 Threw 0x00000007ead9bba8 at /HUDSON/workspace/7u-2-build-macosx-x86_64/jdk7u51/527/hotspot/src/share/vm/prims/jvm.cpp:1244
Event: 37,166 Thread 0x00007ffa0a50e000 Threw 0x00000007eada0b60 at /HUDSON/workspace/7u-2-build-macosx-x86_64/jdk7u51/527/hotspot/src/share/vm/prims/jvm.cpp:1244
Event: 37,167 Thread 0x00007ffa0a50e000 Threw 0x00000007eada5c10 at /HUDSON/workspace/7u-2-build-macosx-x86_64/jdk7u51/527/hotspot/src/share/vm/prims/jvm.cpp:1244
Event: 37,169 Thread 0x00007ffa0a50e000 Threw 0x00000007eadab9e0 at /HUDSON/workspace/7u-2-build-macosx-x86_64/jdk7u51/527/hotspot/src/share/vm/prims/jvm.cpp:1244
Event: 37,170 Thread 0x00007ffa0a50e000 Threw 0x00000007eadb3868 at /HUDSON/workspace/7u-2-build-macosx-x86_64/jdk7u51/527/hotspot/src/share/vm/prims/jvm.cpp:1244
Event: 37,171 Thread 0x00007ffa0a50e000 Threw 0x00000007eadb7b20 at /HUDSON/workspace/7u-2-build-macosx-x86_64/jdk7u51/527/hotspot/src/share/vm/prims/jvm.cpp:1244
Event: 37,172 Thread 0x00007ffa0a50e000 Threw 0x00000007eadbc690 at /HUDSON/workspace/7u-2-build-macosx-x86_64/jdk7u51/527/hotspot/src/share/vm/prims/jvm.cpp:1244
Event: 37,214 Thread 0x00007ffa0a50e000 Implicit null exception at 0x00000001019aea95 to 0x00000001019aedcd
Event: 37,214 Thread 0x00007ffa0a50e000 Threw 0x00000007eae4a730 at /HUDSON/workspace/7u-2-build-macosx-x86_64/jdk7u51/527/hotspot/src/share/vm/prims/jvm.cpp:1244
Event: 37,215 Thread 0x00007ffa0a50e000 Threw 0x00000007eae50698 at /HUDSON/workspace/7u-2-build-macosx-x86_64/jdk7u51/527/hotspot/src/share/vm/prims/jvm.cpp:1244

Events (10 events):
Event: 468,312 Executing VM operation: GetCurrentLocation
Event: 468,312 Executing VM operation: GetCurrentLocation done
Event: 468,312 Executing VM operation: EnterInterpOnlyMode
Event: 468,312 Executing VM operation: EnterInterpOnlyMode done
Event: 468,312 Executing VM operation: ChangeSingleStep
Event: 468,312 Executing VM operation: ChangeSingleStep done
Event: 468,312 Executing VM operation: ChangeSingleStep
Event: 468,312 Executing VM operation: ChangeSingleStep done
Event: 468,315 Executing VM operation: RedefineClasses
Event: 468,318 Executing VM operation: RedefineClasses done


Dynamic libraries:
0x000000000a8a9000 	/System/Library/Frameworks/Cocoa.framework/Versions/A/Cocoa
0x000000000a8a9000 	/System/Library/Frameworks/Security.framework/Versions/A/Security
0x000000000a8a9000 	/System/Library/Frameworks/ApplicationServices.framework/Versions/A/ApplicationServices
0x000000000a8a9000 	/usr/lib/libz.1.dylib
0x000000000a8a9000 	/usr/lib/libSystem.B.dylib
0x000000000a8a9000 	/usr/lib/libobjc.A.dylib
0x000000000a8a9000 	/System/Library/Frameworks/CoreFoundation.framework/Versions/A/CoreFoundation
0x000000000a8a9000 	/System/Library/Frameworks/Foundation.framework/Versions/C/Foundation
0x000000000a8a9000 	/System/Library/Frameworks/AppKit.framework/Versions/C/AppKit
0x000000000a8a9000 	/System/Library/Frameworks/CoreData.framework/Versions/A/CoreData
0x000000000a8a9000 	/System/Library/PrivateFrameworks/RemoteViewServices.framework/Versions/A/RemoteViewServices
0x000000000a8a9000 	/System/Library/Frameworks/AudioToolbox.framework/Versions/A/AudioToolbox
0x000000000a8a9000 	/System/Library/Frameworks/AudioUnit.framework/Versions/A/AudioUnit
0x000000000a8a9000 	/System/Library/PrivateFrameworks/DataDetectorsCore.framework/Versions/A/DataDetectorsCore
0x000000000a8a9000 	/System/Library/PrivateFrameworks/DesktopServicesPriv.framework/Versions/A/DesktopServicesPriv
0x000000000a8a9000 	/System/Library/Frameworks/Carbon.framework/Versions/A/Frameworks/HIToolbox.framework/Versions/A/HIToolbox
0x000000000a8a9000 	/System/Library/Frameworks/QuartzCore.framework/Versions/A/QuartzCore
0x000000000a8a9000 	/System/Library/Frameworks/Carbon.framework/Versions/A/Frameworks/SpeechRecognition.framework/Versions/A/SpeechRecognition
0x000000000a8a9000 	/usr/lib/libauto.dylib
0x000000000a8a9000 	/usr/lib/libicucore.A.dylib
0x000000000a8a9000 	/usr/lib/libxml2.2.dylib
0x000000000a8a9000 	/System/Library/PrivateFrameworks/CoreUI.framework/Versions/A/CoreUI
0x000000000a8a9000 	/System/Library/Frameworks/CoreAudio.framework/Versions/A/CoreAudio
0x000000000a8a9000 	/System/Library/Frameworks/DiskArbitration.framework/Versions/A/DiskArbitration
0x000000000a8a9000 	/usr/lib/liblangid.dylib
0x000000000a8a9000 	/System/Library/PrivateFrameworks/MultitouchSupport.framework/Versions/A/MultitouchSupport
0x000000000a8a9000 	/System/Library/Frameworks/IOKit.framework/Versions/A/IOKit
0x000000000a8a9000 	/usr/lib/libDiagnosticMessagesClient.dylib
0x000000000a8a9000 	/System/Library/Frameworks/CoreServices.framework/Versions/A/CoreServices
0x000000000a8a9000 	/System/Library/PrivateFrameworks/PerformanceAnalysis.framework/Versions/A/PerformanceAnalysis
0x000000000a8a9000 	/System/Library/PrivateFrameworks/GenerationalStorage.framework/Versions/A/GenerationalStorage
0x000000000a8a9000 	/System/Library/Frameworks/OpenGL.framework/Versions/A/OpenGL
0x000000000a8a9000 	/System/Library/PrivateFrameworks/Sharing.framework/Versions/A/Sharing
0x000000000a8a9000 	/System/Library/Frameworks/ImageIO.framework/Versions/A/ImageIO
0x000000000a8a9000 	/System/Library/Frameworks/CoreText.framework/Versions/A/CoreText
0x000000000a8a9000 	/System/Library/Frameworks/CoreGraphics.framework/Versions/A/CoreGraphics
0x000000000a8a9000 	/System/Library/PrivateFrameworks/Backup.framework/Versions/A/Backup
0x000000000a8a9000 	/System/Library/Frameworks/CFNetwork.framework/Versions/A/CFNetwork
0x000000000a8a9000 	/System/Library/Frameworks/SystemConfiguration.framework/Versions/A/SystemConfiguration
0x000000000a8a9000 	/usr/lib/libCRFSuite.dylib
0x000000000a8a9000 	/usr/lib/libc++.1.dylib
0x000000000a8a9000 	/usr/lib/libc++abi.dylib
0x000000000a8a9000 	/usr/lib/system/libcache.dylib
0x000000000a8a9000 	/usr/lib/system/libcommonCrypto.dylib
0x000000000a8a9000 	/usr/lib/system/libcompiler_rt.dylib
0x000000000a8a9000 	/usr/lib/system/libcopyfile.dylib
0x000000000a8a9000 	/usr/lib/system/libcorecrypto.dylib
0x000000000a8a9000 	/usr/lib/system/libdispatch.dylib
0x000000000a8a9000 	/usr/lib/system/libdyld.dylib
0x000000000a8a9000 	/usr/lib/system/libkeymgr.dylib
0x000000000a8a9000 	/usr/lib/system/liblaunch.dylib
0x000000000a8a9000 	/usr/lib/system/libmacho.dylib
0x000000000a8a9000 	/usr/lib/system/libquarantine.dylib
0x000000000a8a9000 	/usr/lib/system/libremovefile.dylib
0x000000000a8a9000 	/usr/lib/system/libsystem_asl.dylib
0x000000000a8a9000 	/usr/lib/system/libsystem_blocks.dylib
0x000000000a8a9000 	/usr/lib/system/libsystem_c.dylib
0x000000000a8a9000 	/usr/lib/system/libsystem_configuration.dylib
0x000000000a8a9000 	/usr/lib/system/libsystem_dnssd.dylib
0x000000000a8a9000 	/usr/lib/system/libsystem_info.dylib
0x000000000a8a9000 	/usr/lib/system/libsystem_kernel.dylib
0x000000000a8a9000 	/usr/lib/system/libsystem_m.dylib
0x000000000a8a9000 	/usr/lib/system/libsystem_malloc.dylib
0x000000000a8a9000 	/usr/lib/system/libsystem_network.dylib
0x000000000a8a9000 	/usr/lib/system/libsystem_notify.dylib
0x000000000a8a9000 	/usr/lib/system/libsystem_platform.dylib
0x000000000a8a9000 	/usr/lib/system/libsystem_pthread.dylib
0x000000000a8a9000 	/usr/lib/system/libsystem_sandbox.dylib
0x000000000a8a9000 	/usr/lib/system/libsystem_stats.dylib
0x000000000a8a9000 	/usr/lib/system/libunc.dylib
0x000000000a8a9000 	/usr/lib/system/libunwind.dylib
0x000000000a8a9000 	/usr/lib/system/libxpc.dylib
0x000000000a8a9000 	/usr/lib/libbsm.0.dylib
0x000000000a8a9000 	/usr/lib/libsqlite3.dylib
0x000000000a8a9000 	/usr/lib/libxar.1.dylib
0x000000000a8a9000 	/usr/lib/libpam.2.dylib
0x000000000a8a9000 	/usr/lib/libOpenScriptingUtil.dylib
0x000000000a8a9000 	/usr/lib/libbz2.1.0.dylib
0x000000000a8a9000 	/System/Library/Frameworks/CoreServices.framework/Versions/A/Frameworks/CarbonCore.framework/Versions/A/CarbonCore
0x000000000a8a9000 	/System/Library/Frameworks/CoreServices.framework/Versions/A/Frameworks/Metadata.framework/Versions/A/Metadata
0x000000000a8a9000 	/System/Library/Frameworks/CoreServices.framework/Versions/A/Frameworks/OSServices.framework/Versions/A/OSServices
0x000000000a8a9000 	/System/Library/Frameworks/CoreServices.framework/Versions/A/Frameworks/SearchKit.framework/Versions/A/SearchKit
0x000000000a8a9000 	/System/Library/Frameworks/CoreServices.framework/Versions/A/Frameworks/AE.framework/Versions/A/AE
0x000000000a8a9000 	/System/Library/Frameworks/CoreServices.framework/Versions/A/Frameworks/LaunchServices.framework/Versions/A/LaunchServices
0x000000000a8a9000 	/System/Library/Frameworks/CoreServices.framework/Versions/A/Frameworks/DictionaryServices.framework/Versions/A/DictionaryServices
0x000000000a8a9000 	/System/Library/Frameworks/NetFS.framework/Versions/A/NetFS
0x000000000a8a9000 	/usr/lib/system/libkxld.dylib
0x000000000a8a9000 	/System/Library/PrivateFrameworks/NetAuth.framework/Versions/A/NetAuth
0x000000000a8a9000 	/System/Library/PrivateFrameworks/TCC.framework/Versions/A/TCC
0x000000000a8a9000 	/System/Library/Frameworks/OpenDirectory.framework/Versions/A/Frameworks/CFOpenDirectory.framework/Versions/A/CFOpenDirectory
0x000000000a8a9000 	/System/Library/Frameworks/ServiceManagement.framework/Versions/A/ServiceManagement
0x000000000a8a9000 	/usr/lib/libxslt.1.dylib
0x000000000a8a9000 	/System/Library/Frameworks/Carbon.framework/Versions/A/Frameworks/Ink.framework/Versions/A/Ink
0x000000000a8a9000 	/System/Library/Frameworks/ApplicationServices.framework/Versions/A/Frameworks/ATS.framework/Versions/A/ATS
0x000000000a8a9000 	/System/Library/Frameworks/ApplicationServices.framework/Versions/A/Frameworks/ColorSync.framework/Versions/A/ColorSync
0x000000000a8a9000 	/System/Library/Frameworks/ApplicationServices.framework/Versions/A/Frameworks/HIServices.framework/Versions/A/HIServices
0x000000000a8a9000 	/System/Library/Frameworks/ApplicationServices.framework/Versions/A/Frameworks/LangAnalysis.framework/Versions/A/LangAnalysis
0x000000000a8a9000 	/System/Library/Frameworks/ApplicationServices.framework/Versions/A/Frameworks/PrintCore.framework/Versions/A/PrintCore
0x000000000a8a9000 	/System/Library/Frameworks/ApplicationServices.framework/Versions/A/Frameworks/QD.framework/Versions/A/QD
0x000000000a8a9000 	/System/Library/Frameworks/ApplicationServices.framework/Versions/A/Frameworks/SpeechSynthesis.framework/Versions/A/SpeechSynthesis
0x000000000a8a9000 	/System/Library/Frameworks/IOSurface.framework/Versions/A/IOSurface
0x000000000a8a9000 	/System/Library/Frameworks/Accelerate.framework/Versions/A/Accelerate
0x000000000a8a9000 	/System/Library/Frameworks/Accelerate.framework/Versions/A/Frameworks/vImage.framework/Versions/A/vImage
0x000000000a8a9000 	/System/Library/Frameworks/Accelerate.framework/Versions/A/Frameworks/vecLib.framework/Versions/A/vecLib
0x000000000a8a9000 	/System/Library/Frameworks/Accelerate.framework/Versions/A/Frameworks/vecLib.framework/Versions/A/libvDSP.dylib
0x000000000a8a9000 	/System/Library/Frameworks/Accelerate.framework/Versions/A/Frameworks/vecLib.framework/Versions/A/libvMisc.dylib
0x000000000a8a9000 	/System/Library/Frameworks/Accelerate.framework/Versions/A/Frameworks/vecLib.framework/Versions/A/libLAPACK.dylib
0x000000000a8a9000 	/System/Library/Frameworks/Accelerate.framework/Versions/A/Frameworks/vecLib.framework/Versions/A/libBLAS.dylib
0x000000000a8a9000 	/System/Library/Frameworks/ApplicationServices.framework/Versions/A/Frameworks/ATS.framework/Versions/A/Resources/libFontParser.dylib
0x000000000a8a9000 	/System/Library/Frameworks/ApplicationServices.framework/Versions/A/Frameworks/ATS.framework/Versions/A/Resources/libFontRegistry.dylib
0x000000000a8a9000 	/System/Library/Frameworks/ImageIO.framework/Versions/A/Resources/libJPEG.dylib
0x000000000a8a9000 	/System/Library/Frameworks/ImageIO.framework/Versions/A/Resources/libTIFF.dylib
0x000000000a8a9000 	/System/Library/Frameworks/ImageIO.framework/Versions/A/Resources/libPng.dylib
0x000000000a8a9000 	/System/Library/Frameworks/ImageIO.framework/Versions/A/Resources/libGIF.dylib
0x000000000a8a9000 	/System/Library/Frameworks/ImageIO.framework/Versions/A/Resources/libJP2.dylib
0x000000000a8a9000 	/System/Library/Frameworks/ImageIO.framework/Versions/A/Resources/libRadiance.dylib
0x000000000a8a9000 	/usr/lib/libcups.2.dylib
0x000000000a8a9000 	/System/Library/Frameworks/Kerberos.framework/Versions/A/Kerberos
0x000000000a8a9000 	/System/Library/Frameworks/GSS.framework/Versions/A/GSS
0x000000000a8a9000 	/usr/lib/libresolv.9.dylib
0x000000000a8a9000 	/usr/lib/libiconv.2.dylib
0x000000000a8a9000 	/System/Library/PrivateFrameworks/Heimdal.framework/Versions/A/Heimdal
0x000000000a8a9000 	/System/Library/PrivateFrameworks/TrustEvaluationAgent.framework/Versions/A/TrustEvaluationAgent
0x000000000a8a9000 	/usr/lib/libheimdal-asn1.dylib
0x000000000a8a9000 	/System/Library/Frameworks/OpenDirectory.framework/Versions/A/OpenDirectory
0x000000000a8a9000 	/System/Library/PrivateFrameworks/CommonAuth.framework/Versions/A/CommonAuth
0x000000000a8a9000 	/System/Library/Frameworks/SecurityFoundation.framework/Versions/A/SecurityFoundation
0x000000000a8a9000 	/System/Library/PrivateFrameworks/Bom.framework/Versions/A/Bom
0x000000000a8a9000 	/System/Library/Frameworks/CoreVideo.framework/Versions/A/CoreVideo
0x000000000a8a9000 	/System/Library/Frameworks/QuartzCore.framework/Versions/A/Frameworks/CoreImage.framework/Versions/A/CoreImage
0x000000000a8a9000 	/System/Library/Frameworks/QuartzCore.framework/Versions/A/Frameworks/ScalableUserInterface.framework/Versions/A/ScalableUserInterface
0x000000000a8a9000 	/System/Library/Frameworks/OpenGL.framework/Versions/A/Libraries/libGLU.dylib
0x000000000a8a9000 	/System/Library/Frameworks/OpenGL.framework/Versions/A/Libraries/libGFXShared.dylib
0x000000000a8a9000 	/System/Library/Frameworks/OpenGL.framework/Versions/A/Libraries/libGL.dylib
0x000000000a8a9000 	/System/Library/Frameworks/OpenGL.framework/Versions/A/Libraries/libGLImage.dylib
0x000000000a8a9000 	/System/Library/Frameworks/OpenGL.framework/Versions/A/Libraries/libCVMSPluginSupport.dylib
0x000000000a8a9000 	/System/Library/Frameworks/OpenGL.framework/Versions/A/Libraries/libCoreVMClient.dylib
0x000000000a8a9000 	/System/Library/PrivateFrameworks/FaceCore.framework/Versions/A/FaceCore
0x000000000a8a9000 	/System/Library/PrivateFrameworks/CrashReporterSupport.framework/Versions/A/CrashReporterSupport
0x000000000a8a9000 	/System/Library/Frameworks/OpenCL.framework/Versions/A/OpenCL
0x000000000a8a9000 	/System/Library/PrivateFrameworks/AppleFSCompression.framework/Versions/A/AppleFSCompression
0x000000000a8a9000 	/System/Library/PrivateFrameworks/Ubiquity.framework/Versions/A/Ubiquity
0x000000000a8a9000 	/System/Library/PrivateFrameworks/IconServices.framework/Versions/A/IconServices
0x000000000a8a9000 	/System/Library/PrivateFrameworks/ChunkingLibrary.framework/Versions/A/ChunkingLibrary
0x000000000a8a9000 	/System/Library/PrivateFrameworks/CoreSymbolication.framework/Versions/A/CoreSymbolication
0x000000000a8a9000 	/System/Library/PrivateFrameworks/Symbolication.framework/Versions/A/Symbolication
0x000000000a8a9000 	/System/Library/PrivateFrameworks/DebugSymbols.framework/Versions/A/DebugSymbols
0x0000000100e00000 	/Library/Java/JavaVirtualMachines/jdk1.7.0_51.jdk/Contents/Home/jre/lib/server/libjvm.dylib
0x000000000a8a9000 	/usr/lib/libstdc++.6.dylib
0x00000001005c5000 	/Library/Java/JavaVirtualMachines/jdk1.7.0_51.jdk/Contents/Home/jre/lib/libverify.dylib
0x00000001018d6000 	/Library/Java/JavaVirtualMachines/jdk1.7.0_51.jdk/Contents/Home/jre/lib/libjava.dylib
0x0000000101906000 	/Library/Java/JavaVirtualMachines/jdk1.7.0_51.jdk/Contents/Home/jre/lib/libjdwp.dylib
0x00000001005d3000 	/Library/Java/JavaVirtualMachines/jdk1.7.0_51.jdk/Contents/Home/jre/lib/libnpt.dylib
0x00000001005df000 	/Library/Java/JavaVirtualMachines/jdk1.7.0_51.jdk/Contents/Home/jre/lib/libzip.dylib
0x0000000108c30000 	/System/Library/Frameworks/JavaVM.framework/Frameworks/JavaRuntimeSupport.framework/JavaRuntimeSupport
0x0000000108c48000 	/System/Library/Frameworks/JavaVM.framework/Versions/A/Frameworks/JavaNativeFoundation.framework/Versions/A/JavaNativeFoundation
0x0000000108c5d000 	/System/Library/Frameworks/JavaVM.framework/Versions/A/JavaVM
0x000000000a8a9000 	/System/Library/Frameworks/Carbon.framework/Versions/A/Carbon
0x0000000108c6a000 	/System/Library/PrivateFrameworks/JavaLaunching.framework/Versions/A/JavaLaunching
0x000000000a8a9000 	/System/Library/Frameworks/Carbon.framework/Versions/A/Frameworks/CommonPanels.framework/Versions/A/CommonPanels
0x000000000a8a9000 	/System/Library/Frameworks/Carbon.framework/Versions/A/Frameworks/Help.framework/Versions/A/Help
0x000000000a8a9000 	/System/Library/Frameworks/Carbon.framework/Versions/A/Frameworks/ImageCapture.framework/Versions/A/ImageCapture
0x000000000a8a9000 	/System/Library/Frameworks/Carbon.framework/Versions/A/Frameworks/OpenScripting.framework/Versions/A/OpenScripting
0x000000000a8a9000 	/System/Library/Frameworks/Carbon.framework/Versions/A/Frameworks/Print.framework/Versions/A/Print
0x000000000a8a9000 	/System/Library/Frameworks/Carbon.framework/Versions/A/Frameworks/SecurityHI.framework/Versions/A/SecurityHI
0x0000000108d7a000 	/Library/Java/JavaVirtualMachines/jdk1.7.0_51.jdk/Contents/Home/jre/lib/libdt_socket.dylib
0x0000000109aa3000 	/Library/Java/JavaVirtualMachines/jdk1.7.0_51.jdk/Contents/Home/jre/lib/libnio.dylib
0x0000000109ab2000 	/Library/Java/JavaVirtualMachines/jdk1.7.0_51.jdk/Contents/Home/jre/lib/./libnet.dylib
0x00000001098bd000 	/Users/jzarzuela/.swt/lib/macosx/x86_64/libswt-cocoa-4333.jnilib
0x000000000a8a9000 	/System/Library/Frameworks/WebKit.framework/Versions/A/WebKit
0x000000000a8a9000 	/System/Library/Frameworks/JavaScriptCore.framework/Versions/A/JavaScriptCore
0x000000000a8a9000 	/System/Library/Frameworks/SecurityInterface.framework/Versions/A/SecurityInterface
0x000000000a8a9000 	/System/Library/Frameworks/WebKit.framework/Versions/A/Frameworks/WebCore.framework/Versions/A/WebCore
0x000000010990a000 	/Users/jzarzuela/.swt/lib/macosx/x86_64/libswt-pi-cocoa-4333.jnilib
0x000000000a8a9000 	/System/Library/PrivateFrameworks/CoreServicesInternal.framework/Versions/A/CoreServicesInternal
0x000000000a8a9000 	/System/Library/PrivateFrameworks/Librarian.framework/Versions/A/Librarian
0x000000010975f000 	/System/Library/Frameworks/CoreGraphics.framework/Versions/A/Resources/libCGCMS.A.dylib
0x0000000109c4d000 	/System/Library/Frameworks/CoreGraphics.framework/Versions/A/Resources/libCGXType.A.dylib
0x0000000109c58000 	/System/Library/Frameworks/CoreGraphics.framework/Versions/A/Resources/libRIP.A.dylib
0x000000000a8a9000 	/System/Library/CoreServices/RawCamera.bundle/Contents/MacOS/RawCamera
0x000000000a8a9000 	/System/Library/Frameworks/OpenCL.framework/Versions/A/Libraries/libcldcpuengine.dylib
0x000000000a8a9000 	/System/Library/PrivateFrameworks/DiskImages.framework/Versions/A/DiskImages
0x000000000a8a9000 	/System/Library/Frameworks/DiscRecording.framework/Versions/A/DiscRecording
0x000000000a8a9000 	/usr/lib/libcsfde.dylib
0x000000000a8a9000 	/usr/lib/libcurl.4.dylib
0x000000000a8a9000 	/System/Library/PrivateFrameworks/MediaKit.framework/Versions/A/MediaKit
0x000000000a8a9000 	/usr/lib/libCoreStorage.dylib
0x000000000a8a9000 	/System/Library/PrivateFrameworks/EFILogin.framework/Versions/A/EFILogin
0x000000000a8a9000 	/usr/lib/libutil.dylib
0x000000000a8a9000 	/System/Library/PrivateFrameworks/AOSNotification.framework/Versions/A/AOSNotification
0x000000000a8a9000 	/System/Library/Frameworks/LDAP.framework/Versions/A/LDAP
0x000000000a8a9000 	/usr/lib/libsasl2.2.dylib
0x000000000a8a9000 	/usr/lib/libcrypto.0.9.8.dylib
0x000000000a8a9000 	/usr/lib/libssl.0.9.8.dylib
0x0000000109710000 	cl_kernels
0x000000010e124000 	/System/Library/Frameworks/OpenCL.framework/Versions/A/Libraries/ImageFormats/unorm8_bgra.dylib
0x0000000109716000 	cl_kernels
0x000000000a8a9000 	/System/Library/PrivateFrameworks/FamilyControls.framework/Versions/A/FamilyControls
0x000000000a8a9000 	/System/Library/PrivateFrameworks/CommerceKit.framework/Versions/A/Frameworks/CommerceCore.framework/Versions/A/CommerceCore
0x000000000a8a9000 	/System/Library/PrivateFrameworks/SystemAdministration.framework/Versions/A/SystemAdministration
0x000000000a8a9000 	/System/Library/Frameworks/DirectoryService.framework/Versions/A/DirectoryService
0x000000000a8a9000 	/System/Library/PrivateFrameworks/LoginUIKit.framework/Versions/A/Frameworks/LoginUICore.framework/Versions/A/LoginUICore
0x000000000a8a9000 	/usr/lib/libodfde.dylib
0x0000000111442000 	/System/Library/PrivateFrameworks/Symptoms.framework/Frameworks/SymptomReporter.framework/SymptomReporter
0x000000000a8a9000 	/System/Library/PrivateFrameworks/Shortcut.framework/Versions/A/Shortcut
0x000000000a8a9000 	/System/Library/PrivateFrameworks/HelpData.framework/Versions/A/HelpData
0x000000000a8a9000 	/usr/lib/libtidy.A.dylib
0x000000010cfb0000 	/System/Library/PrivateFrameworks/WebContentAnalysis.framework/WebContentAnalysis
0x000000000a8a9000 	/System/Library/Frameworks/LatentSemanticMapping.framework/Versions/A/LatentSemanticMapping

VM Arguments:
jvm_args: -agentlib:jdwp=transport=dt_socket,suspend=y,address=localhost:55957 -Dfile.encoding=UTF-8 
java_command: com.jzb.booking.BookingAppWnd
Launcher Type: SUN_STANDARD

Environment Variables:
PATH=/usr/bin:/bin:/usr/sbin:/sbin
SHELL=/bin/bash
DISPLAY=/tmp/launch-mcavIN/org.macosforge.xquartz:0

Signal Handlers:
SIGSEGV: [libjvm.dylib+0x525425], sa_mask[0]=0xfffefeff, sa_flags=0x00000043
SIGBUS: [libjvm.dylib+0x525425], sa_mask[0]=0xfffefeff, sa_flags=0x00000042
SIGFPE: [libjvm.dylib+0x41892a], sa_mask[0]=0xfffefeff, sa_flags=0x00000042
SIGPIPE: [libjvm.dylib+0x41892a], sa_mask[0]=0xfffefeff, sa_flags=0x00000042
SIGXFSZ: [libjvm.dylib+0x41892a], sa_mask[0]=0xfffefeff, sa_flags=0x00000042
SIGILL: [libjvm.dylib+0x41892a], sa_mask[0]=0xfffefeff, sa_flags=0x00000042
SIGUSR1: SIG_DFL, sa_mask[0]=0x00000000, sa_flags=0x00000002
SIGUSR2: [libjvm.dylib+0x41841c], sa_mask[0]=0x00000004, sa_flags=0x00000042
SIGHUP: [libjvm.dylib+0x4166ab], sa_mask[0]=0xfffefeff, sa_flags=0x00000042
SIGINT: [libjvm.dylib+0x4166ab], sa_mask[0]=0xfffefeff, sa_flags=0x00000042
SIGTERM: [libjvm.dylib+0x4166ab], sa_mask[0]=0xfffefeff, sa_flags=0x00000042
SIGQUIT: [libjvm.dylib+0x4166ab], sa_mask[0]=0xfffefeff, sa_flags=0x00000042


---------------  S Y S T E M  ---------------

OS:Bsduname:Darwin 13.1.0 Darwin Kernel Version 13.1.0: Thu Jan 16 19:40:37 PST 2014; root:xnu-2422.90.20~2/RELEASE_X86_64 x86_64
rlimit: STACK 8192k, CORE 0k, NPROC 709, NOFILE 10240, AS infinity
load average:1,71 1,45 1,40

CPU:total 4 (2 cores per cpu, 2 threads per core) family 6 model 42 stepping 7, cmov, cx8, fxsr, mmx, sse, sse2, sse3, ssse3, sse4.1, sse4.2, popcnt, avx, aes, ht, tsc, tscinvbit

Memory: 4k page, physical 4194304k(1048576k free)

/proc/meminfo:


vm_info: Java HotSpot(TM) 64-Bit Server VM (24.51-b03) for bsd-amd64 JRE (1.7.0_51-b13), built on Dec 18 2013 18:45:56 by "java_re" with gcc 4.2.1 (Based on Apple Inc. build 5658) (LLVM build 2336.11.00)

time: Sat Mar  8 18:29:52 2014
elapsed time: 468 seconds

